2024-08-09 11:58:26 INFO  Utils:112 - [Utils] MethodGroupsHelper.collectMethodsByGroup() took 1 ms.
2024-08-09 11:58:26 INFO  Utils:112 - [Utils] MethodGroupsHelper.sortMethods() took 0 ms.
2024-08-09 11:58:26 INFO  Utils:112 - [Utils] MethodGroupsHelper.collectMethodsByGroup() took 0 ms.
2024-08-09 11:58:26 INFO  Utils:112 - [Utils] MethodGroupsHelper.sortMethods() took 0 ms.
2024-08-09 11:58:26 INFO  Utils:112 - [Utils] MethodGroupsHelper.collectMethodsByGroup() took 0 ms.
2024-08-09 11:58:26 INFO  Utils:112 - [Utils] MethodGroupsHelper.sortMethods() took 0 ms.
2024-08-09 11:58:26 INFO  Utils:112 - [Utils] MethodGroupsHelper.collectMethodsByGroup() took 0 ms.
2024-08-09 11:58:26 INFO  Utils:112 - [Utils] MethodGroupsHelper.sortMethods() took 0 ms.
2024-08-09 11:58:26 INFO  Utils:112 - [Utils] MethodGroupsHelper.collectMethodsByGroup() took 2 ms.
2024-08-09 11:58:26 INFO  Utils:112 - [Utils] MethodGroupsHelper.sortMethods() took 6 ms.
2024-08-09 11:58:26 INFO  Utils:112 - [Utils] MethodGroupsHelper.collectMethodsByGroup() took 0 ms.
2024-08-09 11:58:26 INFO  Utils:112 - [Utils] MethodGroupsHelper.sortMethods() took 0 ms.
2024-08-09 11:58:26 INFO  Utils:112 - [Utils] MethodGroupsHelper.collectMethodsByGroup() took 0 ms.
2024-08-09 11:58:26 INFO  Utils:112 - [Utils] MethodGroupsHelper.sortMethods() took 0 ms.
2024-08-09 11:58:26 INFO  Utils:112 - [Utils] MethodGroupsHelper.collectMethodsByGroup() took 0 ms.
2024-08-09 11:58:26 INFO  Utils:112 - [Utils] MethodGroupsHelper.sortMethods() took 0 ms.
2024-08-09 11:58:26 INFO  Utils:112 - [Utils] MethodGroupsHelper.collectMethodsByGroup() took 0 ms.
2024-08-09 11:58:26 INFO  Utils:112 - [Utils] MethodGroupsHelper.sortMethods() took 0 ms.
2024-08-09 11:58:26 INFO  Utils:112 - [Utils] MethodGroupsHelper.collectMethodsByGroup() took 0 ms.
2024-08-09 11:58:26 INFO  Utils:112 - [Utils] MethodGroupsHelper.sortMethods() took 0 ms.
2024-08-09 11:58:26 INFO  Utils:112 - [Utils] MethodGroupsHelper.collectMethodsByGroup() took 0 ms.
2024-08-09 11:58:26 INFO  Utils:112 - [Utils] MethodGroupsHelper.sortMethods() took 0 ms.
2024-08-09 11:58:26 INFO  Utils:112 - [Utils] MethodGroupsHelper.collectMethodsByGroup() took 0 ms.
2024-08-09 11:58:26 INFO  Utils:112 - [Utils] MethodGroupsHelper.sortMethods() took 0 ms.
2024-08-09 11:58:26 INFO  Utils:112 - [Utils] MethodGroupsHelper.collectMethodsByGroup() took 0 ms.
2024-08-09 11:58:26 INFO  Utils:112 - [Utils] MethodGroupsHelper.sortMethods() took 1 ms.
2024-08-09 11:58:26 INFO  Utils:112 - [Utils] MethodGroupsHelper.collectMethodsByGroup() took 0 ms.
2024-08-09 11:58:26 INFO  Utils:112 - [Utils] MethodGroupsHelper.sortMethods() took 0 ms.
2024-08-09 11:58:26 INFO  Utils:112 - [Utils] MethodGroupsHelper.collectMethodsByGroup() took 0 ms.
2024-08-09 11:58:26 INFO  Utils:112 - [Utils] MethodGroupsHelper.sortMethods() took 0 ms.
2024-08-09 11:58:27 INFO  Utils:112 - [TestNG] Running:
  C:\Users\BALAJI\AppData\Local\Temp\testng-eclipse--1210292920\testng-customsuite.xml

2024-08-09 11:58:27 INFO  Utils:112 - [Utils] DynamicGraphHelper.createDynamicGraph() took 2 ms.
2024-08-09 11:58:27 INFO  Utils:112 - [TestNG] Time taken by org.testng.reporters.SuiteHTMLReporter@255990cc: 14 ms
2024-08-09 11:58:27 INFO  Utils:112 - [TestNG] Time taken by org.testng.reporters.jq.Main@7e8e8651: 34 ms
2024-08-09 11:58:27 INFO  Utils:112 - [TestNG] Time taken by org.testng.reporters.FailedReporter@bae47a0: 8 ms
2024-08-09 11:58:27 INFO  Utils:112 - [TestNG] Time taken by org.testng.reporters.XMLReporter@51bde877: 10 ms
2024-08-09 11:58:27 INFO  Utils:112 - [TestNG] Time taken by org.testng.reporters.EmailableReporter2@7cc9ce8: 7 ms
2024-08-09 11:58:27 INFO  Utils:112 - [TestNG] Time taken by org.testng.reporters.JUnitReportReporter@1f2d2181: 6 ms
2024-08-09 11:58:27 INFO  Utils:112 - [TestNG] Time taken by org.testng.internal.ExitCodeListener@49bf29c6: 1 ms
2024-08-09 11:59:41 INFO  Utils:112 - [TestNG] Running:
  C:\Users\BALAJI\new_workspace\Selenium_project\master.xml

2024-08-09 16:31:00 INFO  Utils:112 - [TestNG] Running:
  C:\Users\BALAJI\new_workspace\Selenium_project\master.xml

2024-08-09 16:31:05 INFO  TC_003_LoginDDT:26 - **** Starting TC_003_LoginDDT *****
2024-08-09 16:31:06 INFO  TC_003_LoginDDT:76 - **** Finished TC_003_LoginDDT *****
2024-08-09 16:31:06 INFO  TC_003_LoginDDT:26 - **** Starting TC_003_LoginDDT *****
2024-08-09 16:31:07 INFO  TC_003_LoginDDT:26 - **** Starting TC_003_LoginDDT *****
2024-08-09 16:31:08 INFO  TC_003_LoginDDT:26 - **** Starting TC_003_LoginDDT *****
2024-08-09 16:31:19 INFO  TC_003_LoginDDT:76 - **** Finished TC_003_LoginDDT *****
2024-08-09 16:31:19 INFO  TC_003_LoginDDT:26 - **** Starting TC_003_LoginDDT *****
2024-08-09 16:31:20 INFO  TC_003_LoginDDT:76 - **** Finished TC_003_LoginDDT *****
2024-08-09 17:02:44 INFO  Utils:112 - [TestNG] Running:
  C:\Users\BALAJI\new_workspace\Selenium_project\master.xml

2024-08-09 17:02:49 INFO  TC_003_LoginDDT:26 - **** Starting TC_003_LoginDDT *****
2024-08-09 17:02:50 INFO  TC_003_LoginDDT:76 - **** Finished TC_003_LoginDDT *****
2024-08-09 17:02:50 INFO  TC_003_LoginDDT:26 - **** Starting TC_003_LoginDDT *****
2024-08-09 17:02:51 INFO  TC_003_LoginDDT:26 - **** Starting TC_003_LoginDDT *****
2024-08-09 17:02:52 INFO  TC_003_LoginDDT:26 - **** Starting TC_003_LoginDDT *****
2024-08-09 17:03:03 INFO  TC_003_LoginDDT:76 - **** Finished TC_003_LoginDDT *****
2024-08-09 17:03:03 INFO  TC_003_LoginDDT:26 - **** Starting TC_003_LoginDDT *****
2024-08-09 17:03:06 INFO  TC_003_LoginDDT:76 - **** Finished TC_003_LoginDDT *****
2024-08-09 17:16:17 INFO  Utils:112 - [TestNG] Running:
  C:\Users\BALAJI\new_workspace\Selenium_project\master.xml

2024-08-09 17:19:04 INFO  Utils:112 - [TestNG] Running:
  C:\Users\BALAJI\new_workspace\Selenium_project\master.xml

2024-08-09 17:19:06 INFO  TC_003_LoginDDT:26 - **** Starting TC_003_LoginDDT *****
2024-08-09 17:19:08 INFO  TC_003_LoginDDT:76 - **** Finished TC_003_LoginDDT *****
2024-08-09 17:19:08 INFO  TC_003_LoginDDT:26 - **** Starting TC_003_LoginDDT *****
2024-08-09 17:19:10 INFO  TC_003_LoginDDT:26 - **** Starting TC_003_LoginDDT *****
2024-08-09 17:19:11 INFO  TC_003_LoginDDT:26 - **** Starting TC_003_LoginDDT *****
2024-08-09 17:19:21 INFO  TC_003_LoginDDT:76 - **** Finished TC_003_LoginDDT *****
2024-08-09 17:19:21 INFO  TC_003_LoginDDT:26 - **** Starting TC_003_LoginDDT *****
2024-08-09 17:19:23 INFO  TC_003_LoginDDT:76 - **** Finished TC_003_LoginDDT *****
2024-08-09 19:27:52 INFO  TC_003_LoginDDT:26 - **** Starting TC_003_LoginDDT *****
2024-08-09 19:27:54 INFO  TC_003_LoginDDT:76 - **** Finished TC_003_LoginDDT *****
2024-08-09 19:27:54 INFO  TC_003_LoginDDT:26 - **** Starting TC_003_LoginDDT *****
2024-08-09 19:27:55 INFO  TC_003_LoginDDT:26 - **** Starting TC_003_LoginDDT *****
2024-08-09 19:27:57 INFO  TC_003_LoginDDT:26 - **** Starting TC_003_LoginDDT *****
2024-08-09 19:28:07 INFO  TC_003_LoginDDT:76 - **** Finished TC_003_LoginDDT *****
2024-08-09 19:28:07 INFO  TC_003_LoginDDT:26 - **** Starting TC_003_LoginDDT *****
2024-08-09 19:28:10 INFO  TC_003_LoginDDT:76 - **** Finished TC_003_LoginDDT *****
2024-08-09 19:34:46 INFO  TC_003_LoginDDT:26 - **** Starting TC_003_LoginDDT *****
2024-08-09 19:34:48 INFO  TC_003_LoginDDT:76 - **** Finished TC_003_LoginDDT *****
2024-08-09 19:34:48 INFO  TC_003_LoginDDT:26 - **** Starting TC_003_LoginDDT *****
2024-08-09 19:34:49 INFO  TC_003_LoginDDT:26 - **** Starting TC_003_LoginDDT *****
2024-08-09 19:34:51 INFO  TC_003_LoginDDT:26 - **** Starting TC_003_LoginDDT *****
2024-08-09 19:35:01 INFO  TC_003_LoginDDT:76 - **** Finished TC_003_LoginDDT *****
2024-08-09 19:35:01 INFO  TC_003_LoginDDT:26 - **** Starting TC_003_LoginDDT *****
2024-08-09 19:35:04 INFO  TC_003_LoginDDT:76 - **** Finished TC_003_LoginDDT *****
2024-08-09 19:35:43 INFO  TC_003_LoginDDT:26 - **** Starting TC_003_LoginDDT *****
2024-08-09 19:35:44 INFO  TC_003_LoginDDT:76 - **** Finished TC_003_LoginDDT *****
2024-08-09 19:35:44 INFO  TC_003_LoginDDT:26 - **** Starting TC_003_LoginDDT *****
2024-08-09 19:35:46 INFO  TC_003_LoginDDT:26 - **** Starting TC_003_LoginDDT *****
2024-08-09 19:35:47 INFO  TC_003_LoginDDT:26 - **** Starting TC_003_LoginDDT *****
2024-08-09 19:35:58 INFO  TC_003_LoginDDT:76 - **** Finished TC_003_LoginDDT *****
2024-08-09 19:35:58 INFO  TC_003_LoginDDT:26 - **** Starting TC_003_LoginDDT *****
2024-08-09 19:36:00 INFO  TC_003_LoginDDT:76 - **** Finished TC_003_LoginDDT *****
